resume -> resume.pdf
presen -> presen.pdf
[1[1
dvipdfmx:warning: Unparsed material at end of special ignored.

Current input buffer is -->! /landplus90 true store<--

dvipdfmx:warning: Unparsed material at end of special ignored.

Current input buffer is -->! /landplus90 true store<--
][2][3][4][5][6][2][7][8][9][10][3][11][12][4][13][14][15][16][5][17][18][19][20][6][21][22][23][24][25][7][26][27][28][29][30][8][31][32][33][34][35][36]][9]
1309818 bytes written
1315062 bytes written

presen -> presen.pdf
resume -> resume.pdf
[1
dvipdfmx:warning: Unparsed material at end of special ignored.

Current input buffer is -->! /landplus90 true store<--
[1][2
dvipdfmx:warning: Unparsed material at end of special ignored.

Current input buffer is -->! /landplus90 true store<--
][3][4presen-nokey -> presen-nokey.pdf
[1
dvipdfmx:warning: Unparsed material at end of special ignored.

Current input buffer is -->! /landplus90 true store<--
][2][3][5][6][2][4][5][7][8][6][7][9][8][10][3][11][12][9][10][11][13][12][14][15][16][4][13][14][17][18][5][15][16][19][17][20][18][21][22][23][24][6][19][20][25][26][7][21][27][28][22][29][30][8][23][31][32][33][24][25][9][34][35][36][37][26][27][28][29][10][38][30][39][31]][40]][32]
1653247 bytes written
1658665 bytes written
1653552 bytes written


resume -> resume.pdf
[1
dvipdfmx:warning: Unparsed material at end of special ignored.

Current input buffer is -->! /landplus90 true store<--
presen -> presen.pdf
presen-nokey -> presen-nokey.pdf
[1
dvipdfmx:warning: Unparsed material at end of special ignored.

Current input buffer is -->! /landplus90 true store<--
[1
]dvipdfmx:warning: [2Unparsed material at end of special ignored.

Current input buffer is -->! /landplus90 true store<--
][3][4][2][3][4][2][5][5][6][6][3][7][8][7][8][9][9][4][10][10][11][12][11][12][13][13][5][14][15][16][14][15][17][18][16][17][6][19][18][20][19][7][21][22][23][24][20][21][25][26][22][8][27][28][23][29][30][24][9][31][32][33][25][26][10][34][35][36][37][27][28][29][30][38][31][39][32][11]][40]][33]
1664256 bytes written

1669566 bytes written
1664718 bytes written

